2013-04-04 22:45:02,670 - [INFO] - from play in main 
Listening for HTTP on port 9000...

2013-04-04 22:46:41,002 - [INFO] - from application in play-akka.actor.default-dispatcher-1 
Application has started

2013-04-04 22:46:41,013 - [INFO] - from play in play-akka.actor.default-dispatcher-1 
Application started (Dev)

2013-04-04 22:46:42,719 - [ERROR] - from play in play-akka.actor.promises-dispatcher-2 
Cannot invoke the action, eventually got an error: Thrown(akka.pattern.AskTimeoutException: Timed out)

2013-04-04 22:47:12,109 - [INFO] - from application in play-akka.actor.actions-dispatcher-1 
outputDir=/Users/omarwagih/Desktop/boone-summer-project-2012/web/sgatools/public/jobs/acfc813c-bcde-4269-ace0-d943e864bdde/

2013-04-04 22:48:45,987 - [INFO] - from application in play-akka.actor.default-dispatcher-10 
Application shutdown...

2013-04-04 22:48:46,009 - [INFO] - from application in play-akka.actor.default-dispatcher-10 
Application has started

2013-04-04 22:48:46,011 - [INFO] - from play in play-akka.actor.default-dispatcher-10 
Application started (Dev)

2013-04-04 22:51:36,059 - [INFO] - from application in play-akka.actor.default-dispatcher-13 
Application shutdown...

2013-04-04 22:51:36,079 - [INFO] - from application in play-akka.actor.default-dispatcher-13 
Application has started

2013-04-04 22:51:36,080 - [INFO] - from play in play-akka.actor.default-dispatcher-13 
Application started (Dev)

2013-04-04 22:55:13,317 - [INFO] - from application in play-akka.actor.default-dispatcher-14 
Application shutdown...

2013-04-04 22:55:13,355 - [INFO] - from application in play-akka.actor.default-dispatcher-14 
Application has started

2013-04-04 22:55:13,356 - [INFO] - from play in play-akka.actor.default-dispatcher-14 
Application started (Dev)

2013-04-04 22:55:26,095 - [INFO] - from application in play-akka.actor.actions-dispatcher-12 
outputDir=/Users/omarwagih/Desktop/boone-summer-project-2012/web/sgatools/public/jobs/cef373da-4c29-4a4b-a940-3ccbedd0c18f/

2013-04-04 22:56:07,809 - [DEBUG] - from application in play-akka.actor.actions-dispatcher-12 
2013-04-04 22:56:06 INFO::Reading input files
2013-04-04 22:56:06 INFO::Reading input file (1/1) path = /Users/omarwagih/Desktop/boone-summer-project-2012/web/sgatools/public/jobs/cef373da-4c29-4a4b-a940-3ccbedd0c18f/ia/output_files/plate.jpg.dat
2013-04-04 22:56:06 INFO::* Done reading
2013-04-04 22:56:06 INFO::* Column classes = integer,integer,integer
2013-04-04 22:56:06 INFO::* Number rows = 32
2013-04-04 22:56:06 INFO::* Number cols = 48
2013-04-04 22:56:06 INFO::* Data dimension = 1536,3
2013-04-04 22:56:06 INFO::* Obtaining file name metadata: valid = FALSE
2013-04-04 22:56:06 INFO::* Mapping array definition: number of array definition files = 14
2013-04-04 22:56:06 INFO::* Mapping array definition: IDs of array plate files = 1,2,3,4,5,6,7,8,9,10,11,12,13,14
2013-04-04 22:56:06 INFO::Done reading all files
2013-04-04 22:56:06 INFO::-----------------------------------------------
2013-04-04 22:56:06 INFO::Normalizing plate: replicates = 4, overall.plate.median = 510, max.colony.size = 765
2013-04-04 22:56:06 INFO::# Applying linkage filter, linkage.cutoff = -1
2013-04-04 22:56:06 INFO::Loading chromosome coordinates file
2013-04-04 22:56:06 INFO::Linkage filter applied, total ignored = 0
2013-04-04 22:56:06 INFO::# Normalizing for plate effect, default.overall.median = 510
2013-04-04 22:56:06 INFO::Done plate normalization
2013-04-04 22:56:06 INFO::# Applying big replicates filter, max.colony.size = 765
2013-04-04 22:56:06 INFO::Done big replicates filter, total ignored = 0
2013-04-04 22:56:06 INFO::# Normalizing for spatial effect
2013-04-04 22:56:06 INFO::# Normalizing for row column effect
2013-04-04 22:56:06 INFO::# Applying jackknife filter
2013-04-04 22:56:07 INFO::Done jackknife filter, total ignored = 97
2013-04-04 22:56:07 INFO::# Normalizing for plate effect, default.overall.median = 510
2013-04-04 22:56:07 INFO::Done plate normalization


2013-04-04 22:56:50,396 - [INFO] - from application in play-akka.actor.default-dispatcher-21 
Application shutdown...

2013-04-04 22:56:50,409 - [INFO] - from application in play-akka.actor.default-dispatcher-21 
Application has started

2013-04-04 22:56:50,409 - [INFO] - from play in play-akka.actor.default-dispatcher-21 
Application started (Dev)

2013-04-04 22:57:06,265 - [INFO] - from application in play-akka.actor.default-dispatcher-21 
Application shutdown...

2013-04-04 22:57:06,275 - [INFO] - from application in play-akka.actor.default-dispatcher-21 
Application has started

2013-04-04 22:57:06,275 - [INFO] - from play in play-akka.actor.default-dispatcher-21 
Application started (Dev)

2013-04-04 22:58:41,682 - [INFO] - from application in play-akka.actor.default-dispatcher-21 
Application shutdown...

2013-04-04 22:58:41,716 - [INFO] - from application in play-akka.actor.default-dispatcher-21 
Application has started

2013-04-04 22:58:41,716 - [INFO] - from play in play-akka.actor.default-dispatcher-21 
Application started (Dev)

2013-04-04 23:00:09,147 - [INFO] - from application in play-akka.actor.default-dispatcher-29 
Application shutdown...

2013-04-04 23:00:09,158 - [INFO] - from application in play-akka.actor.default-dispatcher-29 
Application has started

2013-04-04 23:00:09,158 - [INFO] - from play in play-akka.actor.default-dispatcher-29 
Application started (Dev)

2013-04-04 23:06:10,389 - [INFO] - from application in play-akka.actor.default-dispatcher-29 
Application shutdown...

2013-04-04 23:06:10,416 - [INFO] - from application in play-akka.actor.default-dispatcher-29 
Application has started

2013-04-04 23:06:10,416 - [INFO] - from play in play-akka.actor.default-dispatcher-29 
Application started (Dev)

2013-04-04 23:07:18,063 - [INFO] - from application in play-akka.actor.default-dispatcher-29 
Application shutdown...

2013-04-04 23:07:18,079 - [INFO] - from application in play-akka.actor.default-dispatcher-29 
Application has started

2013-04-04 23:07:18,080 - [INFO] - from play in play-akka.actor.default-dispatcher-29 
Application started (Dev)

2013-04-04 23:08:18,408 - [INFO] - from application in play-akka.actor.default-dispatcher-29 
Application shutdown...

2013-04-04 23:08:18,429 - [INFO] - from application in play-akka.actor.default-dispatcher-29 
Application has started

2013-04-04 23:08:18,430 - [INFO] - from play in play-akka.actor.default-dispatcher-29 
Application started (Dev)

2013-04-04 23:11:05,761 - [INFO] - from application in play-akka.actor.default-dispatcher-35 
Application shutdown...

2013-04-04 23:11:05,792 - [INFO] - from application in play-akka.actor.default-dispatcher-35 
Application has started

2013-04-04 23:11:05,792 - [INFO] - from play in play-akka.actor.default-dispatcher-35 
Application started (Dev)

2013-04-04 23:11:54,585 - [INFO] - from application in play-akka.actor.default-dispatcher-37 
Application shutdown...

2013-04-04 23:11:54,606 - [INFO] - from application in play-akka.actor.default-dispatcher-37 
Application has started

2013-04-04 23:11:54,606 - [INFO] - from play in play-akka.actor.default-dispatcher-37 
Application started (Dev)

2013-04-04 23:12:34,651 - [INFO] - from application in play-akka.actor.default-dispatcher-37 
Application shutdown...

2013-04-04 23:12:34,693 - [INFO] - from application in play-akka.actor.default-dispatcher-37 
Application has started

2013-04-04 23:12:34,694 - [INFO] - from play in play-akka.actor.default-dispatcher-37 
Application started (Dev)

2013-04-04 23:13:02,190 - [INFO] - from application in play-akka.actor.default-dispatcher-37 
Application shutdown...

2013-04-04 23:13:02,200 - [INFO] - from application in play-akka.actor.default-dispatcher-37 
Application has started

2013-04-04 23:13:02,200 - [INFO] - from play in play-akka.actor.default-dispatcher-37 
Application started (Dev)

2013-04-04 23:13:57,357 - [INFO] - from application in play-akka.actor.default-dispatcher-37 
Application shutdown...

2013-04-04 23:13:57,391 - [INFO] - from application in play-akka.actor.default-dispatcher-37 
Application has started

2013-04-04 23:13:57,392 - [INFO] - from play in play-akka.actor.default-dispatcher-37 
Application started (Dev)

2013-04-04 23:14:33,775 - [INFO] - from application in play-akka.actor.default-dispatcher-37 
Application shutdown...

2013-04-04 23:14:33,785 - [INFO] - from application in play-akka.actor.default-dispatcher-37 
Application has started

2013-04-04 23:14:33,785 - [INFO] - from play in play-akka.actor.default-dispatcher-37 
Application started (Dev)

2013-04-04 23:14:44,688 - [INFO] - from application in play-akka.actor.default-dispatcher-37 
Application shutdown...

2013-04-04 23:14:44,696 - [INFO] - from application in play-akka.actor.default-dispatcher-37 
Application has started

2013-04-04 23:14:44,696 - [INFO] - from play in play-akka.actor.default-dispatcher-37 
Application started (Dev)

2013-04-04 23:15:08,729 - [INFO] - from application in play-akka.actor.default-dispatcher-47 
Application shutdown...

2013-04-04 23:15:08,737 - [INFO] - from application in play-akka.actor.default-dispatcher-47 
Application has started

2013-04-04 23:15:08,739 - [INFO] - from play in play-akka.actor.default-dispatcher-47 
Application started (Dev)

2013-04-04 23:26:18,450 - [ERROR] - from application in New I/O  worker #1 


! Internal server error, for request [GET /help] ->

sbt.PlayExceptions$CompilationException: Compilation error [')' expected but string literal found.]
	at sbt.PlayReloader$$anon$2$$anonfun$reload$3$$anonfun$4$$anonfun$apply$12$$anonfun$apply$13.apply(PlayReloader.scala:236) ~[na:na]
	at sbt.PlayReloader$$anon$2$$anonfun$reload$3$$anonfun$4$$anonfun$apply$12$$anonfun$apply$13.apply(PlayReloader.scala:236) ~[na:na]
	at scala.Option.map(Option.scala:133) ~[scala-library.jar:0.11.3]
	at sbt.PlayReloader$$anon$2$$anonfun$reload$3$$anonfun$4$$anonfun$apply$12.apply(PlayReloader.scala:236) ~[na:na]
	at sbt.PlayReloader$$anon$2$$anonfun$reload$3$$anonfun$4$$anonfun$apply$12.apply(PlayReloader.scala:233) ~[na:na]
	at scala.Option.map(Option.scala:133) ~[scala-library.jar:0.11.3]
	at sbt.PlayReloader$$anon$2$$anonfun$reload$3$$anonfun$4.apply(PlayReloader.scala:233) ~[na:na]
	at sbt.PlayReloader$$anon$2$$anonfun$reload$3$$anonfun$4.apply(PlayReloader.scala:231) ~[na:na]
	at scala.Either$LeftProjection.map(Either.scala:183) ~[scala-library.jar:0.11.3]
	at sbt.PlayReloader$$anon$2$$anonfun$reload$3.apply(PlayReloader.scala:231) ~[na:na]
	at sbt.PlayReloader$$anon$2$$anonfun$reload$3.apply(PlayReloader.scala:226) ~[na:na]
	at scala.Option.getOrElse(Option.scala:108) ~[scala-library.jar:0.11.3]
	at sbt.PlayReloader$$anon$2.reload(PlayReloader.scala:226) ~[na:na]
	at play.core.ReloadableApplication$$anonfun$get$1.apply(ApplicationProvider.scala:110) ~[play_2.9.1.jar:2.0.4]
	at play.core.ReloadableApplication$$anonfun$get$1.apply(ApplicationProvider.scala:110) ~[play_2.9.1.jar:2.0.4]
	at akka.dispatch.Future$$anon$3.liftedTree1$1(Future.scala:195) ~[akka-actor.jar:2.0.2]
	at akka.dispatch.Future$$anon$3.run(Future.scala:194) ~[akka-actor.jar:2.0.2]
	at akka.dispatch.TaskInvocation.run(AbstractDispatcher.scala:94) ~[akka-actor.jar:2.0.2]
	at akka.jsr166y.ForkJoinTask$AdaptedRunnableAction.exec(ForkJoinTask.java:1381) ~[akka-actor.jar:2.0.2]
	at akka.jsr166y.ForkJoinTask.doExec(ForkJoinTask.java:259) ~[akka-actor.jar:2.0.2]
	at akka.jsr166y.ForkJoinPool$WorkQueue.runTask(ForkJoinPool.java:975) ~[akka-actor.jar:2.0.2]
	at akka.jsr166y.ForkJoinPool.runWorker(ForkJoinPool.java:1479) ~[akka-actor.jar:2.0.2]
	at akka.jsr166y.ForkJoinWorkerThread.run(ForkJoinWorkerThread.java:104) ~[akka-actor.jar:2.0.2]

2013-04-04 23:26:42,044 - [INFO] - from application in play-akka.actor.default-dispatcher-51 
Application shutdown...

2013-04-04 23:26:42,055 - [INFO] - from application in play-akka.actor.default-dispatcher-51 
Application has started

2013-04-04 23:26:42,056 - [INFO] - from play in play-akka.actor.default-dispatcher-51 
Application started (Dev)

2013-04-04 23:28:56,027 - [INFO] - from application in play-akka.actor.default-dispatcher-54 
Application shutdown...

2013-04-04 23:28:56,050 - [INFO] - from application in play-akka.actor.default-dispatcher-54 
Application has started

2013-04-04 23:28:56,050 - [INFO] - from play in play-akka.actor.default-dispatcher-54 
Application started (Dev)

2013-04-04 23:36:40,825 - [INFO] - from application in play-akka.actor.default-dispatcher-56 
Application shutdown...

2013-04-04 23:36:40,848 - [INFO] - from application in play-akka.actor.default-dispatcher-56 
Application has started

2013-04-04 23:36:40,848 - [INFO] - from play in play-akka.actor.default-dispatcher-56 
Application started (Dev)

2013-04-04 23:38:03,769 - [INFO] - from application in play-akka.actor.default-dispatcher-60 
Application shutdown...

2013-04-04 23:38:03,808 - [INFO] - from application in play-akka.actor.default-dispatcher-60 
Application has started

2013-04-04 23:38:03,809 - [INFO] - from play in play-akka.actor.default-dispatcher-60 
Application started (Dev)

2013-04-04 23:38:45,492 - [INFO] - from application in play-akka.actor.default-dispatcher-61 
Application shutdown...

2013-04-04 23:38:45,499 - [INFO] - from application in play-akka.actor.default-dispatcher-61 
Application has started

2013-04-04 23:38:45,500 - [INFO] - from play in play-akka.actor.default-dispatcher-61 
Application started (Dev)

2013-04-04 23:39:09,014 - [INFO] - from application in play-akka.actor.default-dispatcher-61 
Application shutdown...

2013-04-04 23:39:09,024 - [INFO] - from application in play-akka.actor.default-dispatcher-61 
Application has started

2013-04-04 23:39:09,024 - [INFO] - from play in play-akka.actor.default-dispatcher-61 
Application started (Dev)

2013-04-04 23:43:04,533 - [ERROR] - from application in New I/O  worker #3 


! Internal server error, for request [GET /help] ->

sbt.PlayExceptions$CompilationException: Compilation error [value Define is not a member of java.lang.String]
	at sbt.PlayReloader$$anon$2$$anonfun$reload$3$$anonfun$4$$anonfun$apply$12$$anonfun$apply$13.apply(PlayReloader.scala:236) ~[na:na]
	at sbt.PlayReloader$$anon$2$$anonfun$reload$3$$anonfun$4$$anonfun$apply$12$$anonfun$apply$13.apply(PlayReloader.scala:236) ~[na:na]
	at scala.Option.map(Option.scala:133) ~[scala-library.jar:0.11.3]
	at sbt.PlayReloader$$anon$2$$anonfun$reload$3$$anonfun$4$$anonfun$apply$12.apply(PlayReloader.scala:236) ~[na:na]
	at sbt.PlayReloader$$anon$2$$anonfun$reload$3$$anonfun$4$$anonfun$apply$12.apply(PlayReloader.scala:233) ~[na:na]
	at scala.Option.map(Option.scala:133) ~[scala-library.jar:0.11.3]
	at sbt.PlayReloader$$anon$2$$anonfun$reload$3$$anonfun$4.apply(PlayReloader.scala:233) ~[na:na]
	at sbt.PlayReloader$$anon$2$$anonfun$reload$3$$anonfun$4.apply(PlayReloader.scala:231) ~[na:na]
	at scala.Either$LeftProjection.map(Either.scala:183) ~[scala-library.jar:0.11.3]
	at sbt.PlayReloader$$anon$2$$anonfun$reload$3.apply(PlayReloader.scala:231) ~[na:na]
	at sbt.PlayReloader$$anon$2$$anonfun$reload$3.apply(PlayReloader.scala:226) ~[na:na]
	at scala.Option.getOrElse(Option.scala:108) ~[scala-library.jar:0.11.3]
	at sbt.PlayReloader$$anon$2.reload(PlayReloader.scala:226) ~[na:na]
	at play.core.ReloadableApplication$$anonfun$get$1.apply(ApplicationProvider.scala:110) ~[play_2.9.1.jar:2.0.4]
	at play.core.ReloadableApplication$$anonfun$get$1.apply(ApplicationProvider.scala:110) ~[play_2.9.1.jar:2.0.4]
	at akka.dispatch.Future$$anon$3.liftedTree1$1(Future.scala:195) ~[akka-actor.jar:2.0.2]
	at akka.dispatch.Future$$anon$3.run(Future.scala:194) ~[akka-actor.jar:2.0.2]
	at akka.dispatch.TaskInvocation.run(AbstractDispatcher.scala:94) ~[akka-actor.jar:2.0.2]
	at akka.jsr166y.ForkJoinTask$AdaptedRunnableAction.exec(ForkJoinTask.java:1381) ~[akka-actor.jar:2.0.2]
	at akka.jsr166y.ForkJoinTask.doExec(ForkJoinTask.java:259) ~[akka-actor.jar:2.0.2]
	at akka.jsr166y.ForkJoinPool$WorkQueue.runTask(ForkJoinPool.java:975) ~[akka-actor.jar:2.0.2]
	at akka.jsr166y.ForkJoinPool.runWorker(ForkJoinPool.java:1479) ~[akka-actor.jar:2.0.2]
	at akka.jsr166y.ForkJoinWorkerThread.run(ForkJoinWorkerThread.java:104) ~[akka-actor.jar:2.0.2]

2013-04-04 23:43:52,915 - [INFO] - from application in play-akka.actor.default-dispatcher-65 
Application shutdown...

2013-04-04 23:43:52,926 - [INFO] - from application in play-akka.actor.default-dispatcher-65 
Application has started

2013-04-04 23:43:52,927 - [INFO] - from play in play-akka.actor.default-dispatcher-65 
Application started (Dev)

2013-04-04 23:49:29,161 - [INFO] - from application in play-akka.actor.default-dispatcher-68 
Application shutdown...

2013-04-04 23:49:29,207 - [INFO] - from application in play-akka.actor.default-dispatcher-68 
Application has started

2013-04-04 23:49:29,207 - [INFO] - from play in play-akka.actor.default-dispatcher-68 
Application started (Dev)

2013-04-04 23:50:21,505 - [INFO] - from application in play-akka.actor.default-dispatcher-68 
Application shutdown...

2013-04-04 23:50:21,528 - [INFO] - from application in play-akka.actor.default-dispatcher-68 
Application has started

2013-04-04 23:50:21,528 - [INFO] - from play in play-akka.actor.default-dispatcher-68 
Application started (Dev)

2013-04-04 23:51:19,086 - [INFO] - from application in play-akka.actor.default-dispatcher-74 
Application shutdown...

2013-04-04 23:51:19,094 - [INFO] - from application in play-akka.actor.default-dispatcher-74 
Application has started

2013-04-04 23:51:19,094 - [INFO] - from play in play-akka.actor.default-dispatcher-74 
Application started (Dev)

2013-04-04 23:56:26,858 - [INFO] - from application in play-akka.actor.default-dispatcher-76 
Application shutdown...

2013-04-04 23:56:26,869 - [INFO] - from application in play-akka.actor.default-dispatcher-76 
Application has started

2013-04-04 23:56:26,869 - [INFO] - from play in play-akka.actor.default-dispatcher-76 
Application started (Dev)

2013-04-05 00:01:17,940 - [INFO] - from application in play-akka.actor.default-dispatcher-76 
Application shutdown...

2013-04-05 00:01:17,956 - [INFO] - from application in play-akka.actor.default-dispatcher-76 
Application has started

2013-04-05 00:01:17,956 - [INFO] - from play in play-akka.actor.default-dispatcher-76 
Application started (Dev)

2013-04-05 00:03:45,632 - [INFO] - from application in play-akka.actor.default-dispatcher-76 
Application shutdown...

2013-04-05 00:03:45,640 - [INFO] - from application in play-akka.actor.default-dispatcher-76 
Application has started

2013-04-05 00:03:45,640 - [INFO] - from play in play-akka.actor.default-dispatcher-76 
Application started (Dev)

2013-04-05 00:04:18,405 - [INFO] - from application in play-akka.actor.default-dispatcher-81 
Application shutdown...

2013-04-05 00:04:18,429 - [INFO] - from application in play-akka.actor.default-dispatcher-81 
Application has started

2013-04-05 00:04:18,430 - [INFO] - from play in play-akka.actor.default-dispatcher-81 
Application started (Dev)

2013-04-05 00:04:42,592 - [INFO] - from application in play-akka.actor.default-dispatcher-81 
Application shutdown...

2013-04-05 00:04:42,649 - [INFO] - from application in play-akka.actor.default-dispatcher-81 
Application has started

2013-04-05 00:04:42,650 - [INFO] - from play in play-akka.actor.default-dispatcher-81 
Application started (Dev)

2013-04-05 00:05:43,186 - [INFO] - from application in play-akka.actor.default-dispatcher-86 
Application shutdown...

2013-04-05 00:05:43,194 - [INFO] - from application in play-akka.actor.default-dispatcher-86 
Application has started

2013-04-05 00:05:43,194 - [INFO] - from play in play-akka.actor.default-dispatcher-86 
Application started (Dev)

2013-04-05 00:06:06,831 - [INFO] - from application in play-akka.actor.default-dispatcher-88 
Application shutdown...

2013-04-05 00:06:06,846 - [INFO] - from application in play-akka.actor.default-dispatcher-88 
Application has started

2013-04-05 00:06:06,847 - [INFO] - from play in play-akka.actor.default-dispatcher-88 
Application started (Dev)

2013-04-05 00:07:01,388 - [INFO] - from application in play-akka.actor.default-dispatcher-88 
Application shutdown...

2013-04-05 00:07:01,396 - [INFO] - from application in play-akka.actor.default-dispatcher-88 
Application has started

2013-04-05 00:07:01,396 - [INFO] - from play in play-akka.actor.default-dispatcher-88 
Application started (Dev)

2013-04-05 00:08:09,107 - [INFO] - from application in play-akka.actor.default-dispatcher-88 
Application shutdown...

2013-04-05 00:08:09,115 - [INFO] - from application in play-akka.actor.default-dispatcher-88 
Application has started

2013-04-05 00:08:09,115 - [INFO] - from play in play-akka.actor.default-dispatcher-88 
Application started (Dev)

2013-04-05 00:09:07,220 - [INFO] - from application in play-akka.actor.default-dispatcher-94 
Application shutdown...

2013-04-05 00:09:07,227 - [INFO] - from application in play-akka.actor.default-dispatcher-94 
Application has started

2013-04-05 00:09:07,227 - [INFO] - from play in play-akka.actor.default-dispatcher-94 
Application started (Dev)

2013-04-05 00:09:26,882 - [INFO] - from application in play-akka.actor.default-dispatcher-95 
Application shutdown...

2013-04-05 00:09:26,902 - [INFO] - from application in play-akka.actor.default-dispatcher-95 
Application has started

2013-04-05 00:09:26,903 - [INFO] - from play in play-akka.actor.default-dispatcher-95 
Application started (Dev)

2013-04-05 00:09:42,662 - [INFO] - from application in play-akka.actor.default-dispatcher-97 
Application shutdown...

2013-04-05 00:09:42,677 - [INFO] - from application in play-akka.actor.default-dispatcher-97 
Application has started

2013-04-05 00:09:42,677 - [INFO] - from play in play-akka.actor.default-dispatcher-97 
Application started (Dev)

2013-04-05 00:10:48,420 - [INFO] - from application in play-akka.actor.default-dispatcher-97 
Application shutdown...

2013-04-05 00:10:48,431 - [INFO] - from application in play-akka.actor.default-dispatcher-97 
Application has started

2013-04-05 00:10:48,431 - [INFO] - from play in play-akka.actor.default-dispatcher-97 
Application started (Dev)

2013-04-05 00:11:58,768 - [INFO] - from application in play-akka.actor.default-dispatcher-97 
Application shutdown...

2013-04-05 00:11:58,779 - [INFO] - from application in play-akka.actor.default-dispatcher-97 
Application has started

2013-04-05 00:11:58,780 - [INFO] - from play in play-akka.actor.default-dispatcher-97 
Application started (Dev)

2013-04-05 00:12:19,198 - [INFO] - from application in play-akka.actor.default-dispatcher-97 
Application shutdown...

2013-04-05 00:12:19,216 - [INFO] - from application in play-akka.actor.default-dispatcher-97 
Application has started

2013-04-05 00:12:19,216 - [INFO] - from play in play-akka.actor.default-dispatcher-97 
Application started (Dev)

2013-04-05 00:13:02,188 - [INFO] - from application in play-akka.actor.default-dispatcher-104 
Application shutdown...

2013-04-05 00:13:02,202 - [INFO] - from application in play-akka.actor.default-dispatcher-104 
Application has started

2013-04-05 00:13:02,202 - [INFO] - from play in play-akka.actor.default-dispatcher-104 
Application started (Dev)

2013-04-05 00:14:36,928 - [DEBUG] - from application in play-akka.actor.actions-dispatcher-53 
2013-04-05 00:14:35 INFO::Reading input files
2013-04-05 00:14:35 INFO::Reading input file (1/1) path = /Users/omarwagih/Desktop/boone-summer-project-2012/web/sgatools/public/jobs/cef373da-4c29-4a4b-a940-3ccbedd0c18f/ia/output_files/plate.jpg.dat
2013-04-05 00:14:35 INFO::* Done reading
2013-04-05 00:14:35 INFO::* Column classes = integer,integer,integer
2013-04-05 00:14:35 INFO::* Number rows = 32
2013-04-05 00:14:35 INFO::* Number cols = 48
2013-04-05 00:14:35 INFO::* Data dimension = 1536,3
2013-04-05 00:14:35 INFO::* Obtaining file name metadata: valid = FALSE
2013-04-05 00:14:35 INFO::* Not mapping array definition: no array definition files
2013-04-05 00:14:35 INFO::Done reading all files
2013-04-05 00:14:35 INFO::-----------------------------------------------
2013-04-05 00:14:35 INFO::Normalizing plate: replicates = 4, overall.plate.median = 510, max.colony.size = 765
2013-04-05 00:14:35 INFO::# Applying linkage filter, linkage.cutoff = -1
2013-04-05 00:14:35 INFO::Loading chromosome coordinates file
2013-04-05 00:14:35 INFO::Linkage filter applied, total ignored = 0
2013-04-05 00:14:35 INFO::# Normalizing for plate effect, default.overall.median = 510
2013-04-05 00:14:35 INFO::Done plate normalization
2013-04-05 00:14:35 INFO::# Applying big replicates filter, max.colony.size = 765
2013-04-05 00:14:35 INFO::Done big replicates filter, total ignored = 0
2013-04-05 00:14:35 INFO::# Normalizing for spatial effect
2013-04-05 00:14:36 INFO::# Normalizing for row column effect
2013-04-05 00:14:36 INFO::# Applying jackknife filter
2013-04-05 00:14:36 INFO::Done jackknife filter, total ignored = 97
2013-04-05 00:14:36 INFO::# Normalizing for plate effect, default.overall.median = 510
2013-04-05 00:14:36 INFO::Done plate normalization


2013-04-05 00:15:39,194 - [INFO] - from application in play-akka.actor.default-dispatcher-110 
Application shutdown...

2013-04-05 00:15:39,224 - [INFO] - from application in play-akka.actor.default-dispatcher-110 
Application has started

2013-04-05 00:15:39,224 - [INFO] - from play in play-akka.actor.default-dispatcher-110 
Application started (Dev)

2013-04-05 00:16:13,335 - [INFO] - from application in play-akka.actor.default-dispatcher-110 
Application shutdown...

2013-04-05 00:16:13,413 - [INFO] - from application in play-akka.actor.default-dispatcher-110 
Application has started

2013-04-05 00:16:13,413 - [INFO] - from play in play-akka.actor.default-dispatcher-110 
Application started (Dev)

2013-04-05 00:16:28,650 - [INFO] - from application in play-akka.actor.default-dispatcher-113 
Application shutdown...

2013-04-05 00:16:28,680 - [INFO] - from application in play-akka.actor.default-dispatcher-113 
Application has started

2013-04-05 00:16:28,680 - [INFO] - from play in play-akka.actor.default-dispatcher-113 
Application started (Dev)

2013-04-05 00:16:40,350 - [INFO] - from application in play-akka.actor.default-dispatcher-116 
Application shutdown...

2013-04-05 00:16:40,358 - [INFO] - from application in play-akka.actor.default-dispatcher-116 
Application has started

2013-04-05 00:16:40,358 - [INFO] - from play in play-akka.actor.default-dispatcher-116 
Application started (Dev)

2013-04-05 00:16:58,243 - [INFO] - from application in play-akka.actor.default-dispatcher-116 
Application shutdown...

2013-04-05 00:16:58,252 - [INFO] - from application in play-akka.actor.default-dispatcher-116 
Application has started

2013-04-05 00:16:58,252 - [INFO] - from play in play-akka.actor.default-dispatcher-116 
Application started (Dev)

2013-04-05 00:17:36,774 - [INFO] - from application in play-akka.actor.default-dispatcher-118 
Application shutdown...

2013-04-05 00:17:36,781 - [INFO] - from application in play-akka.actor.default-dispatcher-118 
Application has started

2013-04-05 00:17:36,781 - [INFO] - from play in play-akka.actor.default-dispatcher-118 
Application started (Dev)

